Thu Mar 16 15:45:57 IST 2017 [5] [ICMExcessRefundCase#6896174] [101661] WebServiceAdapter.execute(): Returned values from the invocation are: {ResolveExcessRefundServiceSavvionResult=True}
Thu Mar 23 17:22:37 IST 2017 [5] [ICMExcessRefundCase#7000875] [30325] WebServiceAdapter.execute(): Returned values from the invocation are: {ResolveExcessRefundServiceSavvionResult=True}
Mon Mar 27 16:37:28 IST 2017 [5] [ICMExcessRefundCase#6985253] [61838] WebServiceAdapter.execute(): Returned values from the invocation are: {ResolveExcessRefundServiceSavvionResult=True}
Tue Mar 28 10:02:42 IST 2017 [5] [ICMExcessRefundCase#7023391] [68412] WebServiceAdapter.execute(): Returned values from the invocation are: {ResolveExcessRefundServiceSavvionResult=True}
Tue Mar 28 18:29:31 IST 2017 [5] [ICMExcessRefundCase#7032657] [72330] WebServiceAdapter.execute(): Returned values from the invocation are: {ResolveExcessRefundServiceSavvionResult=True}
Wed Mar 29 17:06:05 IST 2017 [5] [ICMExcessRefundCase#7043741] [82125] WebServiceAdapter.execute(): Returned values from the invocation are: {ResolveExcessRefundServiceSavvionResult=True}
Thu Mar 30 10:19:23 IST 2017 [5] [ICMExcessRefundCase#6964994] [89755] WebServiceAdapter.execute(): Returned values from the invocation are: {ResolveExcessRefundServiceSavvionResult=True}
Wed Apr 05 10:14:48 IST 2017 [5] [ICMExcessRefundCase#7078137] [142215] WebServiceAdapter.execute(): Returned values from the invocation are: {ResolveExcessRefundServiceSavvionResult=True}
Fri Apr 07 12:46:15 IST 2017 [5] [ICMExcessRefundCase#7099763] [160168] WebServiceAdapter.execute(): Returned values from the invocation are: {ResolveExcessRefundServiceSavvionResult=True}
Fri Apr 07 16:50:28 IST 2017 [5] [ICMExcessRefundCase#7104080] [161720] WebServiceAdapter.execute(): Returned values from the invocation are: {ResolveExcessRefundServiceSavvionResult=True}
Fri Apr 07 16:51:04 IST 2017 [5] [ICMExcessRefundCase#7104103] [161700] WebServiceAdapter.execute(): Returned values from the invocation are: {ResolveExcessRefundServiceSavvionResult=True}
Fri Apr 07 16:51:24 IST 2017 [5] [ICMExcessRefundCase#7104125] [161756] WebServiceAdapter.execute(): Returned values from the invocation are: {ResolveExcessRefundServiceSavvionResult=True}
Fri Apr 07 17:49:34 IST 2017 [5] [ICMExcessRefundCase#7105285] [162219] WebServiceAdapter.execute(): Returned values from the invocation are: {ResolveExcessRefundServiceSavvionResult=True}
Mon Apr 10 09:52:33 IST 2017 [5] [ICMExcessRefundCase#7105571] [181807] WebServiceAdapter.execute(): Returned values from the invocation are: {ResolveExcessRefundServiceSavvionResult=True}
Mon Apr 10 15:06:54 IST 2017 [5] [ICMExcessRefundCase#7112169] [183690] WebServiceAdapter.execute(): Returned values from the invocation are: {ResolveExcessRefundServiceSavvionResult=True}
Wed Apr 12 14:12:43 IST 2017 [5] [ICMExcessRefundCase#7127911] [200870] WebServiceAdapter.execute(): Returned values from the invocation are: {ResolveExcessRefundServiceSavvionResult=True}
Wed Apr 12 18:07:55 IST 2017 [5] [ICMExcessRefundCase#7130645] [202745] WebServiceAdapter.execute(): Returned values from the invocation are: {ResolveExcessRefundServiceSavvionResult=True}
Thu Apr 13 09:43:58 IST 2017 [5] [ICMExcessRefundCase#7131575] [207852] WebServiceAdapter.execute(): Returned values from the invocation are: {ResolveExcessRefundServiceSavvionResult=True}
Fri Apr 14 13:58:42 IST 2017 [5] [ICMExcessRefundCase#7142516] [219011] WebServiceAdapter.execute(): Returned values from the invocation are: {ResolveExcessRefundServiceSavvionResult=True}
Fri Apr 14 17:41:05 IST 2017 [5] [ICMExcessRefundCase#7143806] [220784] WebServiceAdapter.execute(): Returned values from the invocation are: {ResolveExcessRefundServiceSavvionResult=True}
Sat Apr 15 18:20:01 IST 2017 [5] [ICMExcessRefundCase#7151030] [230680] WebServiceAdapter.execute(): Returned values from the invocation are: {ResolveExcessRefundServiceSavvionResult=True}
Thu Apr 20 17:05:28 IST 2017 [5] [ICMExcessRefundCase#7180442] [37719] WebServiceAdapter.execute(): Returned values from the invocation are: {ResolveExcessRefundServiceSavvionResult=True}
Tue Apr 25 09:57:42 IST 2017 [5] [ICMExcessRefundCase#7184198] [70466] WebServiceAdapter.execute(): Returned values from the invocation are: {ResolveExcessRefundServiceSavvionResult=True}
Wed Apr 26 14:45:29 IST 2017 [5] [ICMExcessRefundCase#7213913] [78969] WebServiceAdapter.execute(): Returned values from the invocation are: {ResolveExcessRefundServiceSavvionResult=True}
Wed May 03 10:46:18 IST 2017 [5] [ICMExcessRefundCase#7258401] [43958] WebServiceAdapter.execute(): Returned values from the invocation are: {ResolveExcessRefundServiceSavvionResult=True}
Wed May 03 10:46:46 IST 2017 [5] [ICMExcessRefundCase#7258279] [43958] WebServiceAdapter.execute(): Returned values from the invocation are: {ResolveExcessRefundServiceSavvionResult=True}
Wed May 03 10:46:59 IST 2017 [5] [ICMExcessRefundCase#7258302] [44033] WebServiceAdapter.execute(): Returned values from the invocation are: {ResolveExcessRefundServiceSavvionResult=True}
Thu May 11 10:33:17 IST 2017 [5] [ICMExcessRefundCase#7311696] [30807] WebServiceAdapter.execute(): Returned values from the invocation are: {ResolveExcessRefundServiceSavvionResult=True}
Mon May 15 09:50:35 IST 2017 [5] [ICMExcessRefundCase#7292682] [57335] WebServiceAdapter.execute(): Returned values from the invocation are: {ResolveExcessRefundServiceSavvionResult=True}
Tue May 16 16:18:34 IST 2017 [5] [ICMExcessRefundCase#7340178] [65389] WebServiceAdapter.execute(): Returned values from the invocation are: {ResolveExcessRefundServiceSavvionResult=True}
Wed May 17 19:03:01 IST 2017 [5] [ICMExcessRefundCase#7353493] [73229] WebServiceAdapter.execute(): Returned values from the invocation are: {ResolveExcessRefundServiceSavvionResult=True}
Thu May 18 12:04:33 IST 2017 [5] [ICMExcessRefundCase#7319303] [12402] WebServiceAdapter.execute(): Returned values from the invocation are: {ResolveExcessRefundServiceSavvionResult=True}
Mon May 22 11:39:51 IST 2017 [5] [ICMExcessRefundCase#7389848] [31510] WebServiceAdapter.execute(): Returned values from the invocation are: {ResolveExcessRefundServiceSavvionResult=True}
Tue May 23 15:09:01 IST 2017 [5] [ICMExcessRefundCase#7398879] [38341] WebServiceAdapter.execute(): Returned values from the invocation are: {ResolveExcessRefundServiceSavvionResult=True}
Tue May 30 10:08:06 IST 2017 [5] [ICMExcessRefundCase#7438745] [79806] WebServiceAdapter.execute(): Returned values from the invocation are: {ResolveExcessRefundServiceSavvionResult=True}
Wed May 31 17:01:02 IST 2017 [5] [ICMExcessRefundCase#7463916] [90595] WebServiceAdapter.execute(): Returned values from the invocation are: {ResolveExcessRefundServiceSavvionResult=True}
Wed May 31 17:01:10 IST 2017 [5] [ICMExcessRefundCase#7463946] [90571] WebServiceAdapter.execute(): Returned values from the invocation are: {ResolveExcessRefundServiceSavvionResult=True}
Wed May 31 17:01:18 IST 2017 [5] [ICMExcessRefundCase#7463954] [90582] WebServiceAdapter.execute(): Returned values from the invocation are: {ResolveExcessRefundServiceSavvionResult=True}
Wed May 31 17:01:27 IST 2017 [5] [ICMExcessRefundCase#7463780] [90582] WebServiceAdapter.execute(): Returned values from the invocation are: {ResolveExcessRefundServiceSavvionResult=True}
Wed May 31 17:01:35 IST 2017 [5] [ICMExcessRefundCase#7463821] [90563] WebServiceAdapter.execute(): Returned values from the invocation are: {ResolveExcessRefundServiceSavvionResult=True}
Wed May 31 17:43:33 IST 2017 [5] [ICMExcessRefundCase#7464191] [91010] WebServiceAdapter.execute(): Returned values from the invocation are: {ResolveExcessRefundServiceSavvionResult=True}
Thu Jun 01 15:13:20 IST 2017 [5] [ICMExcessRefundCase#7472048] [97491] WebServiceAdapter.execute(): Returned values from the invocation are: {ResolveExcessRefundServiceSavvionResult=True}
Fri Jun 02 15:52:56 IST 2017 [5] [ICMExcessRefundCase#7313484] [101719] WebServiceAdapter.execute(): Returned values from the invocation are: {ResolveExcessRefundServiceSavvionResult=True}
Fri Jun 02 17:01:30 IST 2017 [5] [ICMExcessRefundCase#7479360] [101958] WebServiceAdapter.execute(): Returned values from the invocation are: {ResolveExcessRefundServiceSavvionResult=True}
Fri Jun 02 17:26:53 IST 2017 [5] [ICMExcessRefundCase#7460055] [102066] WebServiceAdapter.execute(): Returned values from the invocation are: {ResolveExcessRefundServiceSavvionResult=True}
Fri Jun 02 17:27:11 IST 2017 [5] [ICMExcessRefundCase#7458410] [102048] WebServiceAdapter.execute(): Returned values from the invocation are: {ResolveExcessRefundServiceSavvionResult=True}
Sat Jun 03 09:36:45 IST 2017 [5] [ICMExcessRefundCase#7479671] [104229] WebServiceAdapter.execute(): Returned values from the invocation are: {ResolveExcessRefundServiceSavvionResult=True}
Tue Jun 06 17:51:09 IST 2017 [5] [ICMExcessRefundCase#7499784] [124610] WebServiceAdapter.execute(): Returned values from the invocation are: {ResolveExcessRefundServiceSavvionResult=True}
Thu Jun 08 15:37:14 IST 2017 [5] [ICMExcessRefundCase#7512676] [134102] WebServiceAdapter.execute(): Returned values from the invocation are: {ResolveExcessRefundServiceSavvionResult=True}
Thu Jun 08 15:37:53 IST 2017 [5] [ICMExcessRefundCase#7512581] [134102] WebServiceAdapter.execute(): Returned values from the invocation are: {ResolveExcessRefundServiceSavvionResult=True}
Thu Jun 15 11:44:22 IST 2017 [5] [ICMExcessRefundCase#7547961] [28918] WebServiceAdapter.execute(): Returned values from the invocation are: {ResolveExcessRefundServiceSavvionResult=True}
Mon Jun 19 16:59:21 IST 2017 [5] [ICMExcessRefundCase#7591464] [55008] WebServiceAdapter.execute(): Returned values from the invocation are: {ResolveExcessRefundServiceSavvionResult=True}
Fri Jun 23 14:26:00 IST 2017 [5] [ICMExcessRefundCase#7618417] [29843] WebServiceAdapter.execute(): Returned values from the invocation are: {ResolveExcessRefundServiceSavvionResult=True}
Wed Jun 28 13:50:09 IST 2017 [5] [ICMExcessRefundCase#7655772] [64337] WebServiceAdapter.execute(): Returned values from the invocation are: {ResolveExcessRefundServiceSavvionResult=True}
Fri Jul 07 17:19:38 IST 2017 [5] [ICMExcessRefundCase#7742808] [54477] WebServiceAdapter.execute(): Returned values from the invocation are: {ResolveExcessRefundServiceSavvionResult=True}
Tue Jul 11 18:47:26 IST 2017 [5] [ICMExcessRefundCase#7737538] [75039] WebServiceAdapter.execute(): Returned values from the invocation are: {ResolveExcessRefundServiceSavvionResult=True}
Wed Jul 12 16:33:34 IST 2017 [5] [ICMExcessRefundCase#7762835] [78497] WebServiceAdapter.execute(): Returned values from the invocation are: {ResolveExcessRefundServiceSavvionResult=True}
Thu Jul 13 12:16:38 IST 2017 [5] [ICMExcessRefundCase#7742744] [84083] WebServiceAdapter.execute(): Returned values from the invocation are: {ResolveExcessRefundServiceSavvionResult=True}
Thu Jul 13 12:16:55 IST 2017 [5] [ICMExcessRefundCase#7742488] [84083] WebServiceAdapter.execute(): Returned values from the invocation are: {ResolveExcessRefundServiceSavvionResult=True}
Thu Jul 20 13:06:18 IST 2017 [5] [ICMExcessRefundCase#7807172] [116872] WebServiceAdapter.execute(): Returned values from the invocation are: {ResolveExcessRefundServiceSavvionResult=True}
Tue Aug 01 10:57:07 IST 2017 [5] [ICMExcessRefundCase#7871669] [19151] WebServiceAdapter.execute(): Returned values from the invocation are: {ResolveExcessRefundServiceSavvionResult=True}
Wed Aug 02 14:17:30 IST 2017 [5] [ICMExcessRefundCase#7813248] [25296] WebServiceAdapter.execute(): Returned values from the invocation are: {ResolveExcessRefundServiceSavvionResult=True}
Wed Aug 09 12:12:57 IST 2017 [5] [ICMExcessRefundCase#7926970] [64388] WebServiceAdapter.execute(): Returned values from the invocation are: {ResolveExcessRefundServiceSavvionResult=True}
Wed Aug 09 14:40:56 IST 2017 [5] [ICMExcessRefundCase#7927128] [65165] WebServiceAdapter.execute(): Returned values from the invocation are: {ResolveExcessRefundServiceSavvionResult=True}
Fri Aug 11 12:11:26 IST 2017 [5] [ICMExcessRefundCase#7943082] [78371] WebServiceAdapter.execute(): Returned values from the invocation are: {ResolveExcessRefundServiceSavvionResult=True}
Wed Aug 16 12:57:52 IST 2017 [5] [ICMExcessRefundCase#7963720] [18348] WebServiceAdapter.execute(): Returned values from the invocation are: {ResolveExcessRefundServiceSavvionResult=True}
Thu Aug 17 10:00:47 IST 2017 [5] [ICMExcessRefundCase#7965109] [24195] WebServiceAdapter.execute(): Returned values from the invocation are: {ResolveExcessRefundServiceSavvionResult=True}
Fri Aug 18 18:04:05 IST 2017 [5] [ICMExcessRefundCase#7983663] [34218] WebServiceAdapter.execute(): Returned values from the invocation are: {ResolveExcessRefundServiceSavvionResult=True}
Sat Aug 19 11:00:17 IST 2017 [5] [ICMExcessRefundCase#7987314] [38371] WebServiceAdapter.execute(): Returned values from the invocation are: {ResolveExcessRefundServiceSavvionResult=True}
Tue Sep 05 12:36:47 IST 2017 [5] [ICMExcessRefundCase#8110841] [163370] WebServiceAdapter.execute(): Returned values from the invocation are: {ResolveExcessRefundServiceSavvionResult=True}
Thu Sep 07 13:22:15 IST 2017 [5] [ICMExcessRefundCase#8125739] [174547] WebServiceAdapter.execute(): Returned values from the invocation are: {ResolveExcessRefundServiceSavvionResult=True}
Fri Sep 08 14:47:25 IST 2017 [5] [ICMExcessRefundCase#8134738] [180943] WebServiceAdapter.execute(): Returned values from the invocation are: {ResolveExcessRefundServiceSavvionResult=True}
Fri Sep 08 17:03:03 IST 2017 [5] [ICMExcessRefundCase#8137285] [181729] WebServiceAdapter.execute(): Returned values from the invocation are: {ResolveExcessRefundServiceSavvionResult=True}
Fri Sep 08 17:03:27 IST 2017 [5] [ICMExcessRefundCase#8137543] [181737] WebServiceAdapter.execute(): Returned values from the invocation are: {ResolveExcessRefundServiceSavvionResult=True}
Fri Sep 08 17:03:40 IST 2017 [5] [ICMExcessRefundCase#8137538] [181737] WebServiceAdapter.execute(): Returned values from the invocation are: {ResolveExcessRefundServiceSavvionResult=True}
Tue Sep 12 12:38:19 IST 2017 [5] [ICMExcessRefundCase#8100187] [204813] WebServiceAdapter.execute(): Returned values from the invocation are: {ResolveExcessRefundServiceSavvionResult=True}
Wed Sep 13 14:01:18 IST 2017 [5] [ICMExcessRefundCase#8167869] [210974] WebServiceAdapter.execute(): Returned values from the invocation are: {ResolveExcessRefundServiceSavvionResult=True}
Sat Sep 16 15:55:43 IST 2017 [5] [ICMExcessRefundCase#7981308] [18789] WebServiceAdapter.execute(): Returned values from the invocation are: {ResolveExcessRefundServiceSavvionResult=True}
Mon Sep 18 11:59:55 IST 2017 [5] [ICMExcessRefundCase#8168796] [31258] WebServiceAdapter.execute(): Returned values from the invocation are: {ResolveExcessRefundServiceSavvionResult=True}
